<?xml version="1.0" encoding="UTF-8"?>
<!-- Generated by org.testng.reporters.JUnitXMLReporter -->
<testsuite ignored="0" hostname="Madhav-Kumar" failures="0" tests="12" name="Test" time="24.953" errors="0" timestamp="2026-05-12T21:37:38 IST">
  <testcase classname="learnTestNG.Wishlist" name="setup" time="8.473"/>
  <testcase classname="learnTestNG.Wishlist" name="testWishlist" time="0.624"/>
  <testcase classname="learnTestNG.Wishlist" name="closeBrow" time="0.188"/>
  <testcase classname="learnTestNG.ShoppingCart" name="setup" time="4.732"/>
  <testcase classname="learnTestNG.ShoppingCart" name="testShopping" time="0.678"/>
  <testcase classname="learnTestNG.ShoppingCart" name="closeBrow" time="0.152"/>
  <testcase classname="learnTestNG.Login" name="setup" time="4.495"/>
  <testcase classname="learnTestNG.Login" name="testLogin" time="0.605"/>
  <testcase classname="learnTestNG.Login" name="closeBrow" time="0.148"/>
  <testcase classname="learnTestNG.Register" name="setup" time="4.089"/>
  <testcase classname="learnTestNG.Register" name="testregister" time="0.578"/>
  <testcase classname="learnTestNG.Register" name="closeBrow" time="0.138"/>
</testsuite> <!-- Test -->
