<?xml version="1.0" encoding="UTF-8"?>
<!-- Generated by org.testng.reporters.JUnitXMLReporter -->
<testsuite ignored="0" hostname="Madhav-Kumar" failures="0" tests="5" name="Default test" time="0.082" errors="0" timestamp="2026-05-12T22:42:20 IST">
  <testcase classname="learnTestNG.Instagram" name="signUp" time="0.014"/>
  <testcase classname="learnTestNG.Instagram" name="login" time="0.002"/>
  <testcase classname="learnTestNG.Instagram" name="message" time="0.002"/>
  <testcase classname="learnTestNG.Instagram" name="message" time="0.001"/>
  <testcase classname="learnTestNG.Instagram" name="message" time="0.002"/>
</testsuite> <!-- Default test -->
