<?xml version="1.0" encoding="UTF-8"?>
<testng-results ignored="0" total="5" passed="5" failed="0" skipped="0">
  <reporter-output>
    <line>
      <![CDATA[SignUp]]>
    </line>
    <line>
      <![CDATA[Login]]>
    </line>
    <line>
      <![CDATA[Message a friend]]>
    </line>
    <line>
      <![CDATA[Message a friend]]>
    </line>
    <line>
      <![CDATA[Message a friend]]>
    </line>
  </reporter-output>
  <suite started-at="2026-05-12T22:42:20 IST" name="Default suite" finished-at="2026-05-12T22:42:20 IST" duration-ms="82">
    <groups>
    </groups>
    <test started-at="2026-05-12T22:42:20 IST" name="Default test" finished-at="2026-05-12T22:42:20 IST" duration-ms="82">
      <class name="learnTestNG.Instagram">
        <test-method signature="signUp()[pri:0, instance:learnTestNG.Instagram@6c80d78a]" started-at="2026-05-12T22:42:20 IST" name="signUp" finished-at="2026-05-12T22:42:20 IST" duration-ms="14" status="PASS">
          <reporter-output>
            <line>
              <![CDATA[SignUp]]>
            </line>
          </reporter-output>
        </test-method> <!-- signUp -->
        <test-method signature="login()[pri:1, instance:learnTestNG.Instagram@6c80d78a]" started-at="2026-05-12T22:42:20 IST" name="login" finished-at="2026-05-12T22:42:20 IST" depends-on-methods="learnTestNG.Instagram.signUp" duration-ms="2" status="PASS">
          <reporter-output>
            <line>
              <![CDATA[Login]]>
            </line>
          </reporter-output>
        </test-method> <!-- login -->
        <test-method signature="message()[pri:2, instance:learnTestNG.Instagram@6c80d78a]" started-at="2026-05-12T22:42:20 IST" name="message" finished-at="2026-05-12T22:42:20 IST" depends-on-methods="learnTestNG.Instagram.login, learnTestNG.Instagram.signUp" duration-ms="2" status="PASS">
          <reporter-output>
            <line>
              <![CDATA[Message a friend]]>
            </line>
          </reporter-output>
        </test-method> <!-- message -->
        <test-method signature="message()[pri:2, instance:learnTestNG.Instagram@6c80d78a]" started-at="2026-05-12T22:42:20 IST" name="message" finished-at="2026-05-12T22:42:20 IST" depends-on-methods="learnTestNG.Instagram.login, learnTestNG.Instagram.signUp" duration-ms="1" status="PASS">
          <reporter-output>
            <line>
              <![CDATA[Message a friend]]>
            </line>
          </reporter-output>
        </test-method> <!-- message -->
        <test-method signature="message()[pri:2, instance:learnTestNG.Instagram@6c80d78a]" started-at="2026-05-12T22:42:20 IST" name="message" finished-at="2026-05-12T22:42:20 IST" depends-on-methods="learnTestNG.Instagram.login, learnTestNG.Instagram.signUp" duration-ms="2" status="PASS">
          <reporter-output>
            <line>
              <![CDATA[Message a friend]]>
            </line>
          </reporter-output>
        </test-method> <!-- message -->
      </class> <!-- learnTestNG.Instagram -->
    </test> <!-- Default test -->
  </suite> <!-- Default suite -->
</testng-results>
