<?xml version="1.0" encoding="UTF-8"?>
<!-- Generated by org.testng.reporters.JUnitReportReporter -->
<testsuite hostname="Madhav-Kumar" failures="0" tests="3" name="learnTestNG.Demo" time="0.027" errors="0" timestamp="2026-05-12T22:34:22 IST" skipped="0">
  <testcase classname="learnTestNG.Demo" name="demoB" time="0.012"/>
  <testcase classname="learnTestNG.Demo" name="demoC" time="0.004">
    <system-out>
      <![CDATA[By World]]>
    </system-out>
  </testcase> <!-- demoC -->
  <testcase classname="learnTestNG.Demo" name="demoA" time="0.011">
    <system-out>
      <![CDATA[By World]]>
    </system-out>
  </testcase> <!-- demoA -->
  <system-out>
    <![CDATA[By World
By World]]>
  </system-out>
</testsuite> <!-- learnTestNG.Demo -->
