<?xml version="1.0" encoding="UTF-8"?>
<!-- Generated by org.testng.reporters.JUnitReportReporter -->
<testsuite hostname="Madhav-Kumar" failures="0" tests="3" name="learnTestNG.ShoppingCart" time="5.562" errors="0" timestamp="2026-05-12T21:37:38 IST" skipped="0">
  <testcase classname="learnTestNG.ShoppingCart" name="setup" time="4.732"/>
  <testcase classname="learnTestNG.ShoppingCart" name="testShopping" time="0.678"/>
  <testcase classname="learnTestNG.ShoppingCart" name="closeBrow" time="0.152"/>
</testsuite> <!-- learnTestNG.ShoppingCart -->
