<?xml version="1.0" encoding="UTF-8"?>
<!-- Generated by org.testng.reporters.JUnitReportReporter -->
<testsuite hostname="Madhav-Kumar" failures="0" tests="3" name="learnTestNG.Register" time="4.805" errors="0" timestamp="2026-05-12T21:37:38 IST" skipped="0">
  <testcase classname="learnTestNG.Register" name="setup" time="4.089"/>
  <testcase classname="learnTestNG.Register" name="testregister" time="0.578"/>
  <testcase classname="learnTestNG.Register" name="closeBrow" time="0.138"/>
</testsuite> <!-- learnTestNG.Register -->
