<?xml version="1.0" encoding="UTF-8"?>
<!-- Generated by org.testng.reporters.JUnitReportReporter -->
<testsuite hostname="Madhav-Kumar" failures="0" tests="3" name="learnTestNG.Wishlist" time="9.285" errors="0" timestamp="2026-05-12T21:37:38 IST" skipped="0">
  <testcase classname="learnTestNG.Wishlist" name="setup" time="8.473"/>
  <testcase classname="learnTestNG.Wishlist" name="testWishlist" time="0.624"/>
  <testcase classname="learnTestNG.Wishlist" name="closeBrow" time="0.188"/>
</testsuite> <!-- learnTestNG.Wishlist -->
