<?xml version="1.0" encoding="UTF-8"?>
<!-- Generated by org.testng.reporters.JUnitReportReporter -->
<testsuite hostname="Madhav-Kumar" failures="0" tests="5" name="learnTestNG.Instagram" time="0.021" errors="0" timestamp="2026-05-12T22:42:20 IST" skipped="0">
  <testcase classname="learnTestNG.Instagram" name="signUp" time="0.014">
    <system-out>
      <![CDATA[SignUp]]>
    </system-out>
  </testcase> <!-- signUp -->
  <testcase classname="learnTestNG.Instagram" name="login" time="0.002">
    <system-out>
      <![CDATA[Login]]>
    </system-out>
  </testcase> <!-- login -->
  <testcase classname="learnTestNG.Instagram" name="message" time="0.001">
    <system-out>
      <![CDATA[Message a friend]]>
    </system-out>
  </testcase> <!-- message -->
  <testcase classname="learnTestNG.Instagram" name="message" time="0.002">
    <system-out>
      <![CDATA[Message a friend]]>
    </system-out>
  </testcase> <!-- message -->
  <testcase classname="learnTestNG.Instagram" name="message" time="0.002">
    <system-out>
      <![CDATA[Message a friend]]>
    </system-out>
  </testcase> <!-- message -->
  <system-out>
    <![CDATA[SignUp
Login
Message a friend
Message a friend
Message a friend]]>
  </system-out>
</testsuite> <!-- learnTestNG.Instagram -->
