<?xml version="1.0" encoding="UTF-8"?>
<!-- Generated by org.testng.reporters.JUnitReportReporter -->
<testsuite hostname="Madhav-Kumar" failures="0" tests="3" name="learnTestNG.Login" time="5.248" errors="0" timestamp="2026-05-12T21:37:38 IST" skipped="0">
  <testcase classname="learnTestNG.Login" name="setup" time="4.495"/>
  <testcase classname="learnTestNG.Login" name="testLogin" time="0.605"/>
  <testcase classname="learnTestNG.Login" name="closeBrow" time="0.148"/>
</testsuite> <!-- learnTestNG.Login -->
